<?xml version="1.0" encoding="UTF-8"?>
<Site BuildName="Darwin-clang++"
	BuildStamp="20240111-0023-Experimental"
	Name="Alexs-MacBook-Pro.local"
	Generator="ctest-3.28.1"
	CompilerName="/usr/bin/clang++"
	CompilerVersion="15.0.0.15000100"
	OSName="macOS"
	Hostname="Alexs-MacBook-Pro.local"
	OSRelease="14.1"
	OSVersion="23B2073"
	OSPlatform="arm64"
	Is64Bits="1"
	VendorString="IBM"
	VendorID="IBM"
	FamilyID="16777228"
	ModelID="2"
	ProcessorCacheSize="131072"
	NumberOfLogicalCPU="12"
	NumberOfPhysicalCPU="12"
	TotalVirtualMemory="0"
	TotalPhysicalMemory="36864"
	LogicalProcessorsPerPhysical="12"
	ProcessorClockFrequency="0"
	>
	<Testing>
		<StartDateTime>Jan 11 05:14 MST</StartDateTime>
		<StartTestTime>1704975294</StartTestTime>
		<TestList/>
		<EndDateTime>Jan 11 05:14 MST</EndDateTime>
		<EndTestTime>1704975294</EndTestTime>
		<ElapsedMinutes>0</ElapsedMinutes>
	</Testing>
</Site>
